Performing C SOURCE FILE Test HAVE_GCC_PREFERRED_STACK_BOUNDARY failed with the following output:
Change Dir: /home/mvg/BasicRayTracing/extlib/SDL2-Build/CMakeFiles/CMakeTmp

Run Build Command:"/usr/bin/make" "cmTC_df4c7/fast"
/usr/bin/make -f CMakeFiles/cmTC_df4c7.dir/build.make CMakeFiles/cmTC_df4c7.dir/build
make[1]: Entering directory '/home/mvg/BasicRayTracing/extlib/SDL2-Build/CMakeFiles/CMakeTmp'
Building C object CMakeFiles/cmTC_df4c7.dir/src.c.o
/usr/bin/cc   -g -O3 -idirafter /home/mvg/BasicRayTracing/extlib/SDL2-2.0.12/src/video/khronos -DHAVE_GCC_PREFERRED_STACK_BOUNDARY -mpreferred-stack-boundary=2   -o CMakeFiles/cmTC_df4c7.dir/src.c.o   -c /home/mvg/BasicRayTracing/extlib/SDL2-Build/CMakeFiles/CMakeTmp/src.c
cc1: error: -mpreferred-stack-boundary=2 is not between 3 and 12
make[1]: *** [CMakeFiles/cmTC_df4c7.dir/build.make:66: CMakeFiles/cmTC_df4c7.dir/src.c.o] Error 1
make[1]: Leaving directory '/home/mvg/BasicRayTracing/extlib/SDL2-Build/CMakeFiles/CMakeTmp'
make: *** [Makefile:121: cmTC_df4c7/fast] Error 2

Source file was:
int x = 0; int main(int argc, char **argv) {}
Performing C SOURCE FILE Test HAVE_ALTIVEC_H_HDR failed with the following output:
Change Dir: /home/mvg/BasicRayTracing/extlib/SDL2-Build/CMakeFiles/CMakeTmp

Run Build Command:"/usr/bin/make" "cmTC_04440/fast"
/usr/bin/make -f CMakeFiles/cmTC_04440.dir/build.make CMakeFiles/cmTC_04440.dir/build
make[1]: Entering directory '/home/mvg/BasicRayTracing/extlib/SDL2-Build/CMakeFiles/CMakeTmp'
Building C object CMakeFiles/cmTC_04440.dir/src.c.o
/usr/bin/cc   -g -O3 -idirafter /home/mvg/BasicRayTracing/extlib/SDL2-2.0.12/src/video/khronos -DHAVE_ALTIVEC_H_HDR -maltivec   -o CMakeFiles/cmTC_04440.dir/src.c.o   -c /home/mvg/BasicRayTracing/extlib/SDL2-Build/CMakeFiles/CMakeTmp/src.c
cc: error: unrecognized command line option ‘-maltivec’; did you mean ‘-mglibc’?
make[1]: *** [CMakeFiles/cmTC_04440.dir/build.make:66: CMakeFiles/cmTC_04440.dir/src.c.o] Error 1
make[1]: Leaving directory '/home/mvg/BasicRayTracing/extlib/SDL2-Build/CMakeFiles/CMakeTmp'
make: *** [Makefile:121: cmTC_04440/fast] Error 2

Source file was:

          #include <altivec.h>
          vector unsigned int vzero() {
              return vec_splat_u32(0);
          }
          int main(int argc, char **argv) { }
Performing C SOURCE FILE Test HAVE_ALTIVEC failed with the following output:
Change Dir: /home/mvg/BasicRayTracing/extlib/SDL2-Build/CMakeFiles/CMakeTmp

Run Build Command:"/usr/bin/make" "cmTC_38f8e/fast"
/usr/bin/make -f CMakeFiles/cmTC_38f8e.dir/build.make CMakeFiles/cmTC_38f8e.dir/build
make[1]: Entering directory '/home/mvg/BasicRayTracing/extlib/SDL2-Build/CMakeFiles/CMakeTmp'
Building C object CMakeFiles/cmTC_38f8e.dir/src.c.o
/usr/bin/cc   -g -O3 -idirafter /home/mvg/BasicRayTracing/extlib/SDL2-2.0.12/src/video/khronos -DHAVE_ALTIVEC -maltivec   -o CMakeFiles/cmTC_38f8e.dir/src.c.o   -c /home/mvg/BasicRayTracing/extlib/SDL2-Build/CMakeFiles/CMakeTmp/src.c
cc: error: unrecognized command line option ‘-maltivec’; did you mean ‘-mglibc’?
make[1]: *** [CMakeFiles/cmTC_38f8e.dir/build.make:66: CMakeFiles/cmTC_38f8e.dir/src.c.o] Error 1
make[1]: Leaving directory '/home/mvg/BasicRayTracing/extlib/SDL2-Build/CMakeFiles/CMakeTmp'
make: *** [Makefile:121: cmTC_38f8e/fast] Error 2

Source file was:

          vector unsigned int vzero() {
              return vec_splat_u32(0);
          }
          int main(int argc, char **argv) { }
Performing C SOURCE FILE Test ARMSIMD_FOUND failed with the following output:
Change Dir: /home/mvg/BasicRayTracing/extlib/SDL2-Build/CMakeFiles/CMakeTmp

Run Build Command:"/usr/bin/make" "cmTC_be886/fast"
/usr/bin/make -f CMakeFiles/cmTC_be886.dir/build.make CMakeFiles/cmTC_be886.dir/build
make[1]: Entering directory '/home/mvg/BasicRayTracing/extlib/SDL2-Build/CMakeFiles/CMakeTmp'
Building C object CMakeFiles/cmTC_be886.dir/src.c.o
/usr/bin/cc   -g -O3 -idirafter /home/mvg/BasicRayTracing/extlib/SDL2-2.0.12/src/video/khronos -DARMSIMD_FOUND  -x assembler-with-cpp   -o CMakeFiles/cmTC_be886.dir/src.c.o   -c /home/mvg/BasicRayTracing/extlib/SDL2-Build/CMakeFiles/CMakeTmp/src.c
/home/mvg/BasicRayTracing/extlib/SDL2-Build/CMakeFiles/CMakeTmp/src.c:8:10: error: #error EABI is required (to be sure that calling conventions are compatible)
         #error EABI is required (to be sure that calling conventions are compatible)
          ^~~~~
make[1]: *** [CMakeFiles/cmTC_be886.dir/build.make:66: CMakeFiles/cmTC_be886.dir/src.c.o] Error 1
make[1]: Leaving directory '/home/mvg/BasicRayTracing/extlib/SDL2-Build/CMakeFiles/CMakeTmp'
make: *** [Makefile:121: cmTC_be886/fast] Error 2

Source file was:

        .text
        .arch armv6
        .object_arch armv4
        .arm
        .altmacro
        #ifndef __ARM_EABI__
        #error EABI is required (to be sure that calling conventions are compatible)
        #endif
        pld [r0]
        uqadd8 r0, r0, r0
      
Performing C SOURCE FILE Test ARMNEON_FOUND failed with the following output:
Change Dir: /home/mvg/BasicRayTracing/extlib/SDL2-Build/CMakeFiles/CMakeTmp

Run Build Command:"/usr/bin/make" "cmTC_bcbe3/fast"
/usr/bin/make -f CMakeFiles/cmTC_bcbe3.dir/build.make CMakeFiles/cmTC_bcbe3.dir/build
make[1]: Entering directory '/home/mvg/BasicRayTracing/extlib/SDL2-Build/CMakeFiles/CMakeTmp'
Building C object CMakeFiles/cmTC_bcbe3.dir/src.c.o
/usr/bin/cc   -g -O3 -idirafter /home/mvg/BasicRayTracing/extlib/SDL2-2.0.12/src/video/khronos -DARMNEON_FOUND  -x assembler-with-cpp   -o CMakeFiles/cmTC_bcbe3.dir/src.c.o   -c /home/mvg/BasicRayTracing/extlib/SDL2-Build/CMakeFiles/CMakeTmp/src.c
/home/mvg/BasicRayTracing/extlib/SDL2-Build/CMakeFiles/CMakeTmp/src.c:10:10: error: #error EABI is required (to be sure that calling conventions are compatible)
         #error EABI is required (to be sure that calling conventions are compatible)
          ^~~~~
make[1]: *** [CMakeFiles/cmTC_bcbe3.dir/build.make:66: CMakeFiles/cmTC_bcbe3.dir/src.c.o] Error 1
make[1]: Leaving directory '/home/mvg/BasicRayTracing/extlib/SDL2-Build/CMakeFiles/CMakeTmp'
make: *** [Makefile:121: cmTC_bcbe3/fast] Error 2

Source file was:

        .text
        .fpu neon
        .arch armv7a
        .object_arch armv4
        .eabi_attribute 10, 0
        .arm
        .altmacro
        #ifndef __ARM_EABI__
        #error EABI is required (to be sure that calling conventions are compatible)
        #endif
        pld [r0]
        vmovn.u16 d0, q0
      
Determining if the include file libunwind.h exists failed with the following output:
Change Dir: /home/mvg/BasicRayTracing/extlib/SDL2-Build/CMakeFiles/CMakeTmp

Run Build Command:"/usr/bin/make" "cmTC_84580/fast"
/usr/bin/make -f CMakeFiles/cmTC_84580.dir/build.make CMakeFiles/cmTC_84580.dir/build
make[1]: Entering directory '/home/mvg/BasicRayTracing/extlib/SDL2-Build/CMakeFiles/CMakeTmp'
Building C object CMakeFiles/cmTC_84580.dir/CheckIncludeFile.c.o
/usr/bin/cc   -g -O3 -idirafter /home/mvg/BasicRayTracing/extlib/SDL2-2.0.12/src/video/khronos    -o CMakeFiles/cmTC_84580.dir/CheckIncludeFile.c.o   -c /home/mvg/BasicRayTracing/extlib/SDL2-Build/CMakeFiles/CMakeTmp/CheckIncludeFile.c
/home/mvg/BasicRayTracing/extlib/SDL2-Build/CMakeFiles/CMakeTmp/CheckIncludeFile.c:1:10: fatal error: libunwind.h: No such file or directory
 #include <libunwind.h>
          ^~~~~~~~~~~~~
compilation terminated.
make[1]: *** [CMakeFiles/cmTC_84580.dir/build.make:66: CMakeFiles/cmTC_84580.dir/CheckIncludeFile.c.o] Error 1
make[1]: Leaving directory '/home/mvg/BasicRayTracing/extlib/SDL2-Build/CMakeFiles/CMakeTmp'
make: *** [Makefile:121: cmTC_84580/fast] Error 2


Determining if the function strlcpy exists failed with the following output:
Change Dir: /home/mvg/BasicRayTracing/extlib/SDL2-Build/CMakeFiles/CMakeTmp

Run Build Command:"/usr/bin/make" "cmTC_23d58/fast"
/usr/bin/make -f CMakeFiles/cmTC_23d58.dir/build.make CMakeFiles/cmTC_23d58.dir/build
make[1]: Entering directory '/home/mvg/BasicRayTracing/extlib/SDL2-Build/CMakeFiles/CMakeTmp'
Building C object CMakeFiles/cmTC_23d58.dir/CheckFunctionExists.c.o
/usr/bin/cc   -g -O3 -idirafter /home/mvg/BasicRayTracing/extlib/SDL2-2.0.12/src/video/khronos -DCHECK_FUNCTION_EXISTS=strlcpy   -o CMakeFiles/cmTC_23d58.dir/CheckFunctionExists.c.o   -c /usr/share/cmake-3.13/Modules/CheckFunctionExists.c
Linking C executable cmTC_23d58
/usr/bin/cmake -E cmake_link_script CMakeFiles/cmTC_23d58.dir/link.txt --verbose=1
/usr/bin/cc -g -O3 -idirafter /home/mvg/BasicRayTracing/extlib/SDL2-2.0.12/src/video/khronos -DCHECK_FUNCTION_EXISTS=strlcpy    -rdynamic CMakeFiles/cmTC_23d58.dir/CheckFunctionExists.c.o  -o cmTC_23d58 
/usr/bin/ld: CMakeFiles/cmTC_23d58.dir/CheckFunctionExists.c.o: in function `main':
/usr/share/cmake-3.13/Modules/CheckFunctionExists.c:17: undefined reference to `strlcpy'
collect2: error: ld returned 1 exit status
make[1]: *** [CMakeFiles/cmTC_23d58.dir/build.make:87: cmTC_23d58] Error 1
make[1]: Leaving directory '/home/mvg/BasicRayTracing/extlib/SDL2-Build/CMakeFiles/CMakeTmp'
make: *** [Makefile:121: cmTC_23d58/fast] Error 2


Determining if the function strlcat exists failed with the following output:
Change Dir: /home/mvg/BasicRayTracing/extlib/SDL2-Build/CMakeFiles/CMakeTmp

Run Build Command:"/usr/bin/make" "cmTC_7e2dd/fast"
/usr/bin/make -f CMakeFiles/cmTC_7e2dd.dir/build.make CMakeFiles/cmTC_7e2dd.dir/build
make[1]: Entering directory '/home/mvg/BasicRayTracing/extlib/SDL2-Build/CMakeFiles/CMakeTmp'
Building C object CMakeFiles/cmTC_7e2dd.dir/CheckFunctionExists.c.o
/usr/bin/cc   -g -O3 -idirafter /home/mvg/BasicRayTracing/extlib/SDL2-2.0.12/src/video/khronos -DCHECK_FUNCTION_EXISTS=strlcat   -o CMakeFiles/cmTC_7e2dd.dir/CheckFunctionExists.c.o   -c /usr/share/cmake-3.13/Modules/CheckFunctionExists.c
Linking C executable cmTC_7e2dd
/usr/bin/cmake -E cmake_link_script CMakeFiles/cmTC_7e2dd.dir/link.txt --verbose=1
/usr/bin/cc -g -O3 -idirafter /home/mvg/BasicRayTracing/extlib/SDL2-2.0.12/src/video/khronos -DCHECK_FUNCTION_EXISTS=strlcat    -rdynamic CMakeFiles/cmTC_7e2dd.dir/CheckFunctionExists.c.o  -o cmTC_7e2dd 
/usr/bin/ld: CMakeFiles/cmTC_7e2dd.dir/CheckFunctionExists.c.o: in function `main':
/usr/share/cmake-3.13/Modules/CheckFunctionExists.c:17: undefined reference to `strlcat'
collect2: error: ld returned 1 exit status
make[1]: *** [CMakeFiles/cmTC_7e2dd.dir/build.make:87: cmTC_7e2dd] Error 1
make[1]: Leaving directory '/home/mvg/BasicRayTracing/extlib/SDL2-Build/CMakeFiles/CMakeTmp'
make: *** [Makefile:121: cmTC_7e2dd/fast] Error 2


Determining if the function _strrev exists failed with the following output:
Change Dir: /home/mvg/BasicRayTracing/extlib/SDL2-Build/CMakeFiles/CMakeTmp

Run Build Command:"/usr/bin/make" "cmTC_4ccd3/fast"
/usr/bin/make -f CMakeFiles/cmTC_4ccd3.dir/build.make CMakeFiles/cmTC_4ccd3.dir/build
make[1]: Entering directory '/home/mvg/BasicRayTracing/extlib/SDL2-Build/CMakeFiles/CMakeTmp'
Building C object CMakeFiles/cmTC_4ccd3.dir/CheckFunctionExists.c.o
/usr/bin/cc   -g -O3 -idirafter /home/mvg/BasicRayTracing/extlib/SDL2-2.0.12/src/video/khronos -DCHECK_FUNCTION_EXISTS=_strrev   -o CMakeFiles/cmTC_4ccd3.dir/CheckFunctionExists.c.o   -c /usr/share/cmake-3.13/Modules/CheckFunctionExists.c
Linking C executable cmTC_4ccd3
/usr/bin/cmake -E cmake_link_script CMakeFiles/cmTC_4ccd3.dir/link.txt --verbose=1
/usr/bin/cc -g -O3 -idirafter /home/mvg/BasicRayTracing/extlib/SDL2-2.0.12/src/video/khronos -DCHECK_FUNCTION_EXISTS=_strrev    -rdynamic CMakeFiles/cmTC_4ccd3.dir/CheckFunctionExists.c.o  -o cmTC_4ccd3 
/usr/bin/ld: CMakeFiles/cmTC_4ccd3.dir/CheckFunctionExists.c.o: in function `main':
/usr/share/cmake-3.13/Modules/CheckFunctionExists.c:17: undefined reference to `_strrev'
collect2: error: ld returned 1 exit status
make[1]: *** [CMakeFiles/cmTC_4ccd3.dir/build.make:87: cmTC_4ccd3] Error 1
make[1]: Leaving directory '/home/mvg/BasicRayTracing/extlib/SDL2-Build/CMakeFiles/CMakeTmp'
make: *** [Makefile:121: cmTC_4ccd3/fast] Error 2


Determining if the function _strupr exists failed with the following output:
Change Dir: /home/mvg/BasicRayTracing/extlib/SDL2-Build/CMakeFiles/CMakeTmp

Run Build Command:"/usr/bin/make" "cmTC_f542f/fast"
/usr/bin/make -f CMakeFiles/cmTC_f542f.dir/build.make CMakeFiles/cmTC_f542f.dir/build
make[1]: Entering directory '/home/mvg/BasicRayTracing/extlib/SDL2-Build/CMakeFiles/CMakeTmp'
Building C object CMakeFiles/cmTC_f542f.dir/CheckFunctionExists.c.o
/usr/bin/cc   -g -O3 -idirafter /home/mvg/BasicRayTracing/extlib/SDL2-2.0.12/src/video/khronos -DCHECK_FUNCTION_EXISTS=_strupr   -o CMakeFiles/cmTC_f542f.dir/CheckFunctionExists.c.o   -c /usr/share/cmake-3.13/Modules/CheckFunctionExists.c
Linking C executable cmTC_f542f
/usr/bin/cmake -E cmake_link_script CMakeFiles/cmTC_f542f.dir/link.txt --verbose=1
/usr/bin/cc -g -O3 -idirafter /home/mvg/BasicRayTracing/extlib/SDL2-2.0.12/src/video/khronos -DCHECK_FUNCTION_EXISTS=_strupr    -rdynamic CMakeFiles/cmTC_f542f.dir/CheckFunctionExists.c.o  -o cmTC_f542f 
/usr/bin/ld: CMakeFiles/cmTC_f542f.dir/CheckFunctionExists.c.o: in function `main':
/usr/share/cmake-3.13/Modules/CheckFunctionExists.c:17: undefined reference to `_strupr'
collect2: error: ld returned 1 exit status
make[1]: *** [CMakeFiles/cmTC_f542f.dir/build.make:87: cmTC_f542f] Error 1
make[1]: Leaving directory '/home/mvg/BasicRayTracing/extlib/SDL2-Build/CMakeFiles/CMakeTmp'
make: *** [Makefile:121: cmTC_f542f/fast] Error 2


Determining if the function _strlwr exists failed with the following output:
Change Dir: /home/mvg/BasicRayTracing/extlib/SDL2-Build/CMakeFiles/CMakeTmp

Run Build Command:"/usr/bin/make" "cmTC_bb74e/fast"
/usr/bin/make -f CMakeFiles/cmTC_bb74e.dir/build.make CMakeFiles/cmTC_bb74e.dir/build
make[1]: Entering directory '/home/mvg/BasicRayTracing/extlib/SDL2-Build/CMakeFiles/CMakeTmp'
Building C object CMakeFiles/cmTC_bb74e.dir/CheckFunctionExists.c.o
/usr/bin/cc   -g -O3 -idirafter /home/mvg/BasicRayTracing/extlib/SDL2-2.0.12/src/video/khronos -DCHECK_FUNCTION_EXISTS=_strlwr   -o CMakeFiles/cmTC_bb74e.dir/CheckFunctionExists.c.o   -c /usr/share/cmake-3.13/Modules/CheckFunctionExists.c
Linking C executable cmTC_bb74e
/usr/bin/cmake -E cmake_link_script CMakeFiles/cmTC_bb74e.dir/link.txt --verbose=1
/usr/bin/cc -g -O3 -idirafter /home/mvg/BasicRayTracing/extlib/SDL2-2.0.12/src/video/khronos -DCHECK_FUNCTION_EXISTS=_strlwr    -rdynamic CMakeFiles/cmTC_bb74e.dir/CheckFunctionExists.c.o  -o cmTC_bb74e 
/usr/bin/ld: CMakeFiles/cmTC_bb74e.dir/CheckFunctionExists.c.o: in function `main':
/usr/share/cmake-3.13/Modules/CheckFunctionExists.c:17: undefined reference to `_strlwr'
collect2: error: ld returned 1 exit status
make[1]: *** [CMakeFiles/cmTC_bb74e.dir/build.make:87: cmTC_bb74e] Error 1
make[1]: Leaving directory '/home/mvg/BasicRayTracing/extlib/SDL2-Build/CMakeFiles/CMakeTmp'
make: *** [Makefile:121: cmTC_bb74e/fast] Error 2


Determining if the function itoa exists failed with the following output:
Change Dir: /home/mvg/BasicRayTracing/extlib/SDL2-Build/CMakeFiles/CMakeTmp

Run Build Command:"/usr/bin/make" "cmTC_4b2cc/fast"
/usr/bin/make -f CMakeFiles/cmTC_4b2cc.dir/build.make CMakeFiles/cmTC_4b2cc.dir/build
make[1]: Entering directory '/home/mvg/BasicRayTracing/extlib/SDL2-Build/CMakeFiles/CMakeTmp'
Building C object CMakeFiles/cmTC_4b2cc.dir/CheckFunctionExists.c.o
/usr/bin/cc   -g -O3 -idirafter /home/mvg/BasicRayTracing/extlib/SDL2-2.0.12/src/video/khronos -DCHECK_FUNCTION_EXISTS=itoa   -o CMakeFiles/cmTC_4b2cc.dir/CheckFunctionExists.c.o   -c /usr/share/cmake-3.13/Modules/CheckFunctionExists.c
Linking C executable cmTC_4b2cc
/usr/bin/cmake -E cmake_link_script CMakeFiles/cmTC_4b2cc.dir/link.txt --verbose=1
/usr/bin/cc -g -O3 -idirafter /home/mvg/BasicRayTracing/extlib/SDL2-2.0.12/src/video/khronos -DCHECK_FUNCTION_EXISTS=itoa    -rdynamic CMakeFiles/cmTC_4b2cc.dir/CheckFunctionExists.c.o  -o cmTC_4b2cc 
/usr/bin/ld: CMakeFiles/cmTC_4b2cc.dir/CheckFunctionExists.c.o: in function `main':
/usr/share/cmake-3.13/Modules/CheckFunctionExists.c:17: undefined reference to `itoa'
collect2: error: ld returned 1 exit status
make[1]: *** [CMakeFiles/cmTC_4b2cc.dir/build.make:87: cmTC_4b2cc] Error 1
make[1]: Leaving directory '/home/mvg/BasicRayTracing/extlib/SDL2-Build/CMakeFiles/CMakeTmp'
make: *** [Makefile:121: cmTC_4b2cc/fast] Error 2


Determining if the function _ltoa exists failed with the following output:
Change Dir: /home/mvg/BasicRayTracing/extlib/SDL2-Build/CMakeFiles/CMakeTmp

Run Build Command:"/usr/bin/make" "cmTC_c0363/fast"
/usr/bin/make -f CMakeFiles/cmTC_c0363.dir/build.make CMakeFiles/cmTC_c0363.dir/build
make[1]: Entering directory '/home/mvg/BasicRayTracing/extlib/SDL2-Build/CMakeFiles/CMakeTmp'
Building C object CMakeFiles/cmTC_c0363.dir/CheckFunctionExists.c.o
/usr/bin/cc   -g -O3 -idirafter /home/mvg/BasicRayTracing/extlib/SDL2-2.0.12/src/video/khronos -DCHECK_FUNCTION_EXISTS=_ltoa   -o CMakeFiles/cmTC_c0363.dir/CheckFunctionExists.c.o   -c /usr/share/cmake-3.13/Modules/CheckFunctionExists.c
Linking C executable cmTC_c0363
/usr/bin/cmake -E cmake_link_script CMakeFiles/cmTC_c0363.dir/link.txt --verbose=1
/usr/bin/cc -g -O3 -idirafter /home/mvg/BasicRayTracing/extlib/SDL2-2.0.12/src/video/khronos -DCHECK_FUNCTION_EXISTS=_ltoa    -rdynamic CMakeFiles/cmTC_c0363.dir/CheckFunctionExists.c.o  -o cmTC_c0363 
/usr/bin/ld: CMakeFiles/cmTC_c0363.dir/CheckFunctionExists.c.o: in function `main':
/usr/share/cmake-3.13/Modules/CheckFunctionExists.c:17: undefined reference to `_ltoa'
collect2: error: ld returned 1 exit status
make[1]: *** [CMakeFiles/cmTC_c0363.dir/build.make:87: cmTC_c0363] Error 1
make[1]: Leaving directory '/home/mvg/BasicRayTracing/extlib/SDL2-Build/CMakeFiles/CMakeTmp'
make: *** [Makefile:121: cmTC_c0363/fast] Error 2


Determining if the function _uitoa exists failed with the following output:
Change Dir: /home/mvg/BasicRayTracing/extlib/SDL2-Build/CMakeFiles/CMakeTmp

Run Build Command:"/usr/bin/make" "cmTC_c9d70/fast"
/usr/bin/make -f CMakeFiles/cmTC_c9d70.dir/build.make CMakeFiles/cmTC_c9d70.dir/build
make[1]: Entering directory '/home/mvg/BasicRayTracing/extlib/SDL2-Build/CMakeFiles/CMakeTmp'
Building C object CMakeFiles/cmTC_c9d70.dir/CheckFunctionExists.c.o
/usr/bin/cc   -g -O3 -idirafter /home/mvg/BasicRayTracing/extlib/SDL2-2.0.12/src/video/khronos -DCHECK_FUNCTION_EXISTS=_uitoa   -o CMakeFiles/cmTC_c9d70.dir/CheckFunctionExists.c.o   -c /usr/share/cmake-3.13/Modules/CheckFunctionExists.c
Linking C executable cmTC_c9d70
/usr/bin/cmake -E cmake_link_script CMakeFiles/cmTC_c9d70.dir/link.txt --verbose=1
/usr/bin/cc -g -O3 -idirafter /home/mvg/BasicRayTracing/extlib/SDL2-2.0.12/src/video/khronos -DCHECK_FUNCTION_EXISTS=_uitoa    -rdynamic CMakeFiles/cmTC_c9d70.dir/CheckFunctionExists.c.o  -o cmTC_c9d70 
/usr/bin/ld: CMakeFiles/cmTC_c9d70.dir/CheckFunctionExists.c.o: in function `main':
/usr/share/cmake-3.13/Modules/CheckFunctionExists.c:17: undefined reference to `_uitoa'
collect2: error: ld returned 1 exit status
make[1]: *** [CMakeFiles/cmTC_c9d70.dir/build.make:87: cmTC_c9d70] Error 1
make[1]: Leaving directory '/home/mvg/BasicRayTracing/extlib/SDL2-Build/CMakeFiles/CMakeTmp'
make: *** [Makefile:121: cmTC_c9d70/fast] Error 2


Determining if the function _ultoa exists failed with the following output:
Change Dir: /home/mvg/BasicRayTracing/extlib/SDL2-Build/CMakeFiles/CMakeTmp

Run Build Command:"/usr/bin/make" "cmTC_364a1/fast"
/usr/bin/make -f CMakeFiles/cmTC_364a1.dir/build.make CMakeFiles/cmTC_364a1.dir/build
make[1]: Entering directory '/home/mvg/BasicRayTracing/extlib/SDL2-Build/CMakeFiles/CMakeTmp'
Building C object CMakeFiles/cmTC_364a1.dir/CheckFunctionExists.c.o
/usr/bin/cc   -g -O3 -idirafter /home/mvg/BasicRayTracing/extlib/SDL2-2.0.12/src/video/khronos -DCHECK_FUNCTION_EXISTS=_ultoa   -o CMakeFiles/cmTC_364a1.dir/CheckFunctionExists.c.o   -c /usr/share/cmake-3.13/Modules/CheckFunctionExists.c
Linking C executable cmTC_364a1
/usr/bin/cmake -E cmake_link_script CMakeFiles/cmTC_364a1.dir/link.txt --verbose=1
/usr/bin/cc -g -O3 -idirafter /home/mvg/BasicRayTracing/extlib/SDL2-2.0.12/src/video/khronos -DCHECK_FUNCTION_EXISTS=_ultoa    -rdynamic CMakeFiles/cmTC_364a1.dir/CheckFunctionExists.c.o  -o cmTC_364a1 
/usr/bin/ld: CMakeFiles/cmTC_364a1.dir/CheckFunctionExists.c.o: in function `main':
/usr/share/cmake-3.13/Modules/CheckFunctionExists.c:17: undefined reference to `_ultoa'
collect2: error: ld returned 1 exit status
make[1]: *** [CMakeFiles/cmTC_364a1.dir/build.make:87: cmTC_364a1] Error 1
make[1]: Leaving directory '/home/mvg/BasicRayTracing/extlib/SDL2-Build/CMakeFiles/CMakeTmp'
make: *** [Makefile:121: cmTC_364a1/fast] Error 2


Determining if the function _i64toa exists failed with the following output:
Change Dir: /home/mvg/BasicRayTracing/extlib/SDL2-Build/CMakeFiles/CMakeTmp

Run Build Command:"/usr/bin/make" "cmTC_c9e9a/fast"
/usr/bin/make -f CMakeFiles/cmTC_c9e9a.dir/build.make CMakeFiles/cmTC_c9e9a.dir/build
make[1]: Entering directory '/home/mvg/BasicRayTracing/extlib/SDL2-Build/CMakeFiles/CMakeTmp'
Building C object CMakeFiles/cmTC_c9e9a.dir/CheckFunctionExists.c.o
/usr/bin/cc   -g -O3 -idirafter /home/mvg/BasicRayTracing/extlib/SDL2-2.0.12/src/video/khronos -DCHECK_FUNCTION_EXISTS=_i64toa   -o CMakeFiles/cmTC_c9e9a.dir/CheckFunctionExists.c.o   -c /usr/share/cmake-3.13/Modules/CheckFunctionExists.c
Linking C executable cmTC_c9e9a
/usr/bin/cmake -E cmake_link_script CMakeFiles/cmTC_c9e9a.dir/link.txt --verbose=1
/usr/bin/cc -g -O3 -idirafter /home/mvg/BasicRayTracing/extlib/SDL2-2.0.12/src/video/khronos -DCHECK_FUNCTION_EXISTS=_i64toa    -rdynamic CMakeFiles/cmTC_c9e9a.dir/CheckFunctionExists.c.o  -o cmTC_c9e9a 
/usr/bin/ld: CMakeFiles/cmTC_c9e9a.dir/CheckFunctionExists.c.o: in function `main':
/usr/share/cmake-3.13/Modules/CheckFunctionExists.c:17: undefined reference to `_i64toa'
collect2: error: ld returned 1 exit status
make[1]: *** [CMakeFiles/cmTC_c9e9a.dir/build.make:87: cmTC_c9e9a] Error 1
make[1]: Leaving directory '/home/mvg/BasicRayTracing/extlib/SDL2-Build/CMakeFiles/CMakeTmp'
make: *** [Makefile:121: cmTC_c9e9a/fast] Error 2


Determining if the function _ui64toa exists failed with the following output:
Change Dir: /home/mvg/BasicRayTracing/extlib/SDL2-Build/CMakeFiles/CMakeTmp

Run Build Command:"/usr/bin/make" "cmTC_cf549/fast"
/usr/bin/make -f CMakeFiles/cmTC_cf549.dir/build.make CMakeFiles/cmTC_cf549.dir/build
make[1]: Entering directory '/home/mvg/BasicRayTracing/extlib/SDL2-Build/CMakeFiles/CMakeTmp'
Building C object CMakeFiles/cmTC_cf549.dir/CheckFunctionExists.c.o
/usr/bin/cc   -g -O3 -idirafter /home/mvg/BasicRayTracing/extlib/SDL2-2.0.12/src/video/khronos -DCHECK_FUNCTION_EXISTS=_ui64toa   -o CMakeFiles/cmTC_cf549.dir/CheckFunctionExists.c.o   -c /usr/share/cmake-3.13/Modules/CheckFunctionExists.c
Linking C executable cmTC_cf549
/usr/bin/cmake -E cmake_link_script CMakeFiles/cmTC_cf549.dir/link.txt --verbose=1
/usr/bin/cc -g -O3 -idirafter /home/mvg/BasicRayTracing/extlib/SDL2-2.0.12/src/video/khronos -DCHECK_FUNCTION_EXISTS=_ui64toa    -rdynamic CMakeFiles/cmTC_cf549.dir/CheckFunctionExists.c.o  -o cmTC_cf549 
/usr/bin/ld: CMakeFiles/cmTC_cf549.dir/CheckFunctionExists.c.o: in function `main':
/usr/share/cmake-3.13/Modules/CheckFunctionExists.c:17: undefined reference to `_ui64toa'
collect2: error: ld returned 1 exit status
make[1]: *** [CMakeFiles/cmTC_cf549.dir/build.make:87: cmTC_cf549] Error 1
make[1]: Leaving directory '/home/mvg/BasicRayTracing/extlib/SDL2-Build/CMakeFiles/CMakeTmp'
make: *** [Makefile:121: cmTC_cf549/fast] Error 2


Determining if the function _stricmp exists failed with the following output:
Change Dir: /home/mvg/BasicRayTracing/extlib/SDL2-Build/CMakeFiles/CMakeTmp

Run Build Command:"/usr/bin/make" "cmTC_89cba/fast"
/usr/bin/make -f CMakeFiles/cmTC_89cba.dir/build.make CMakeFiles/cmTC_89cba.dir/build
make[1]: Entering directory '/home/mvg/BasicRayTracing/extlib/SDL2-Build/CMakeFiles/CMakeTmp'
Building C object CMakeFiles/cmTC_89cba.dir/CheckFunctionExists.c.o
/usr/bin/cc   -g -O3 -idirafter /home/mvg/BasicRayTracing/extlib/SDL2-2.0.12/src/video/khronos -DCHECK_FUNCTION_EXISTS=_stricmp   -o CMakeFiles/cmTC_89cba.dir/CheckFunctionExists.c.o   -c /usr/share/cmake-3.13/Modules/CheckFunctionExists.c
Linking C executable cmTC_89cba
/usr/bin/cmake -E cmake_link_script CMakeFiles/cmTC_89cba.dir/link.txt --verbose=1
/usr/bin/cc -g -O3 -idirafter /home/mvg/BasicRayTracing/extlib/SDL2-2.0.12/src/video/khronos -DCHECK_FUNCTION_EXISTS=_stricmp    -rdynamic CMakeFiles/cmTC_89cba.dir/CheckFunctionExists.c.o  -o cmTC_89cba 
/usr/bin/ld: CMakeFiles/cmTC_89cba.dir/CheckFunctionExists.c.o: in function `main':
/usr/share/cmake-3.13/Modules/CheckFunctionExists.c:17: undefined reference to `_stricmp'
collect2: error: ld returned 1 exit status
make[1]: *** [CMakeFiles/cmTC_89cba.dir/build.make:87: cmTC_89cba] Error 1
make[1]: Leaving directory '/home/mvg/BasicRayTracing/extlib/SDL2-Build/CMakeFiles/CMakeTmp'
make: *** [Makefile:121: cmTC_89cba/fast] Error 2


Determining if the function _strnicmp exists failed with the following output:
Change Dir: /home/mvg/BasicRayTracing/extlib/SDL2-Build/CMakeFiles/CMakeTmp

Run Build Command:"/usr/bin/make" "cmTC_c2c85/fast"
/usr/bin/make -f CMakeFiles/cmTC_c2c85.dir/build.make CMakeFiles/cmTC_c2c85.dir/build
make[1]: Entering directory '/home/mvg/BasicRayTracing/extlib/SDL2-Build/CMakeFiles/CMakeTmp'
Building C object CMakeFiles/cmTC_c2c85.dir/CheckFunctionExists.c.o
/usr/bin/cc   -g -O3 -idirafter /home/mvg/BasicRayTracing/extlib/SDL2-2.0.12/src/video/khronos -DCHECK_FUNCTION_EXISTS=_strnicmp   -o CMakeFiles/cmTC_c2c85.dir/CheckFunctionExists.c.o   -c /usr/share/cmake-3.13/Modules/CheckFunctionExists.c
Linking C executable cmTC_c2c85
/usr/bin/cmake -E cmake_link_script CMakeFiles/cmTC_c2c85.dir/link.txt --verbose=1
/usr/bin/cc -g -O3 -idirafter /home/mvg/BasicRayTracing/extlib/SDL2-2.0.12/src/video/khronos -DCHECK_FUNCTION_EXISTS=_strnicmp    -rdynamic CMakeFiles/cmTC_c2c85.dir/CheckFunctionExists.c.o  -o cmTC_c2c85 
/usr/bin/ld: CMakeFiles/cmTC_c2c85.dir/CheckFunctionExists.c.o: in function `main':
/usr/share/cmake-3.13/Modules/CheckFunctionExists.c:17: undefined reference to `_strnicmp'
collect2: error: ld returned 1 exit status
make[1]: *** [CMakeFiles/cmTC_c2c85.dir/build.make:87: cmTC_c2c85] Error 1
make[1]: Leaving directory '/home/mvg/BasicRayTracing/extlib/SDL2-Build/CMakeFiles/CMakeTmp'
make: *** [Makefile:121: cmTC_c2c85/fast] Error 2


Determining if the function wcslcat exists failed with the following output:
Change Dir: /home/mvg/BasicRayTracing/extlib/SDL2-Build/CMakeFiles/CMakeTmp

Run Build Command:"/usr/bin/make" "cmTC_ac101/fast"
/usr/bin/make -f CMakeFiles/cmTC_ac101.dir/build.make CMakeFiles/cmTC_ac101.dir/build
make[1]: Entering directory '/home/mvg/BasicRayTracing/extlib/SDL2-Build/CMakeFiles/CMakeTmp'
Building C object CMakeFiles/cmTC_ac101.dir/CheckFunctionExists.c.o
/usr/bin/cc   -g -O3 -idirafter /home/mvg/BasicRayTracing/extlib/SDL2-2.0.12/src/video/khronos -DCHECK_FUNCTION_EXISTS=wcslcat   -o CMakeFiles/cmTC_ac101.dir/CheckFunctionExists.c.o   -c /usr/share/cmake-3.13/Modules/CheckFunctionExists.c
Linking C executable cmTC_ac101
/usr/bin/cmake -E cmake_link_script CMakeFiles/cmTC_ac101.dir/link.txt --verbose=1
/usr/bin/cc -g -O3 -idirafter /home/mvg/BasicRayTracing/extlib/SDL2-2.0.12/src/video/khronos -DCHECK_FUNCTION_EXISTS=wcslcat    -rdynamic CMakeFiles/cmTC_ac101.dir/CheckFunctionExists.c.o  -o cmTC_ac101 
/usr/bin/ld: CMakeFiles/cmTC_ac101.dir/CheckFunctionExists.c.o: in function `main':
/usr/share/cmake-3.13/Modules/CheckFunctionExists.c:17: undefined reference to `wcslcat'
collect2: error: ld returned 1 exit status
make[1]: *** [CMakeFiles/cmTC_ac101.dir/build.make:87: cmTC_ac101] Error 1
make[1]: Leaving directory '/home/mvg/BasicRayTracing/extlib/SDL2-Build/CMakeFiles/CMakeTmp'
make: *** [Makefile:121: cmTC_ac101/fast] Error 2


Determining if the function wcslcpy exists failed with the following output:
Change Dir: /home/mvg/BasicRayTracing/extlib/SDL2-Build/CMakeFiles/CMakeTmp

Run Build Command:"/usr/bin/make" "cmTC_e8f85/fast"
/usr/bin/make -f CMakeFiles/cmTC_e8f85.dir/build.make CMakeFiles/cmTC_e8f85.dir/build
make[1]: Entering directory '/home/mvg/BasicRayTracing/extlib/SDL2-Build/CMakeFiles/CMakeTmp'
Building C object CMakeFiles/cmTC_e8f85.dir/CheckFunctionExists.c.o
/usr/bin/cc   -g -O3 -idirafter /home/mvg/BasicRayTracing/extlib/SDL2-2.0.12/src/video/khronos -DCHECK_FUNCTION_EXISTS=wcslcpy   -o CMakeFiles/cmTC_e8f85.dir/CheckFunctionExists.c.o   -c /usr/share/cmake-3.13/Modules/CheckFunctionExists.c
Linking C executable cmTC_e8f85
/usr/bin/cmake -E cmake_link_script CMakeFiles/cmTC_e8f85.dir/link.txt --verbose=1
/usr/bin/cc -g -O3 -idirafter /home/mvg/BasicRayTracing/extlib/SDL2-2.0.12/src/video/khronos -DCHECK_FUNCTION_EXISTS=wcslcpy    -rdynamic CMakeFiles/cmTC_e8f85.dir/CheckFunctionExists.c.o  -o cmTC_e8f85 
/usr/bin/ld: CMakeFiles/cmTC_e8f85.dir/CheckFunctionExists.c.o: in function `main':
/usr/share/cmake-3.13/Modules/CheckFunctionExists.c:17: undefined reference to `wcslcpy'
collect2: error: ld returned 1 exit status
make[1]: *** [CMakeFiles/cmTC_e8f85.dir/build.make:87: cmTC_e8f85] Error 1
make[1]: Leaving directory '/home/mvg/BasicRayTracing/extlib/SDL2-Build/CMakeFiles/CMakeTmp'
make: *** [Makefile:121: cmTC_e8f85/fast] Error 2


Determining if the function sysctlbyname exists failed with the following output:
Change Dir: /home/mvg/BasicRayTracing/extlib/SDL2-Build/CMakeFiles/CMakeTmp

Run Build Command:"/usr/bin/make" "cmTC_c7642/fast"
/usr/bin/make -f CMakeFiles/cmTC_c7642.dir/build.make CMakeFiles/cmTC_c7642.dir/build
make[1]: Entering directory '/home/mvg/BasicRayTracing/extlib/SDL2-Build/CMakeFiles/CMakeTmp'
Building C object CMakeFiles/cmTC_c7642.dir/CheckFunctionExists.c.o
/usr/bin/cc   -g -O3 -idirafter /home/mvg/BasicRayTracing/extlib/SDL2-2.0.12/src/video/khronos -DCHECK_FUNCTION_EXISTS=sysctlbyname   -o CMakeFiles/cmTC_c7642.dir/CheckFunctionExists.c.o   -c /usr/share/cmake-3.13/Modules/CheckFunctionExists.c
Linking C executable cmTC_c7642
/usr/bin/cmake -E cmake_link_script CMakeFiles/cmTC_c7642.dir/link.txt --verbose=1
/usr/bin/cc -g -O3 -idirafter /home/mvg/BasicRayTracing/extlib/SDL2-2.0.12/src/video/khronos -DCHECK_FUNCTION_EXISTS=sysctlbyname    -rdynamic CMakeFiles/cmTC_c7642.dir/CheckFunctionExists.c.o  -o cmTC_c7642 
/usr/bin/ld: CMakeFiles/cmTC_c7642.dir/CheckFunctionExists.c.o: in function `main':
/usr/share/cmake-3.13/Modules/CheckFunctionExists.c:17: undefined reference to `sysctlbyname'
collect2: error: ld returned 1 exit status
make[1]: *** [CMakeFiles/cmTC_c7642.dir/build.make:87: cmTC_c7642] Error 1
make[1]: Leaving directory '/home/mvg/BasicRayTracing/extlib/SDL2-Build/CMakeFiles/CMakeTmp'
make: *** [Makefile:121: cmTC_c7642/fast] Error 2


Determining if the function iconv_open exists in the iconv failed with the following output:
Change Dir: /home/mvg/BasicRayTracing/extlib/SDL2-Build/CMakeFiles/CMakeTmp

Run Build Command:"/usr/bin/make" "cmTC_b23f2/fast"
/usr/bin/make -f CMakeFiles/cmTC_b23f2.dir/build.make CMakeFiles/cmTC_b23f2.dir/build
make[1]: Entering directory '/home/mvg/BasicRayTracing/extlib/SDL2-Build/CMakeFiles/CMakeTmp'
Building C object CMakeFiles/cmTC_b23f2.dir/CheckFunctionExists.c.o
/usr/bin/cc   -g -O3 -idirafter /home/mvg/BasicRayTracing/extlib/SDL2-2.0.12/src/video/khronos -DCHECK_FUNCTION_EXISTS=iconv_open   -o CMakeFiles/cmTC_b23f2.dir/CheckFunctionExists.c.o   -c /usr/share/cmake-3.13/Modules/CheckFunctionExists.c
Linking C executable cmTC_b23f2
/usr/bin/cmake -E cmake_link_script CMakeFiles/cmTC_b23f2.dir/link.txt --verbose=1
/usr/bin/cc -g -O3 -idirafter /home/mvg/BasicRayTracing/extlib/SDL2-2.0.12/src/video/khronos -DCHECK_FUNCTION_EXISTS=iconv_open    -rdynamic CMakeFiles/cmTC_b23f2.dir/CheckFunctionExists.c.o  -o cmTC_b23f2 -liconv 
/usr/bin/ld: cannot find -liconv
collect2: error: ld returned 1 exit status
make[1]: *** [CMakeFiles/cmTC_b23f2.dir/build.make:87: cmTC_b23f2] Error 1
make[1]: Leaving directory '/home/mvg/BasicRayTracing/extlib/SDL2-Build/CMakeFiles/CMakeTmp'
make: *** [Makefile:121: cmTC_b23f2/fast] Error 2


Determining if the function alloca exists failed with the following output:
Change Dir: /home/mvg/BasicRayTracing/extlib/SDL2-Build/CMakeFiles/CMakeTmp

Run Build Command:"/usr/bin/make" "cmTC_2a232/fast"
/usr/bin/make -f CMakeFiles/cmTC_2a232.dir/build.make CMakeFiles/cmTC_2a232.dir/build
make[1]: Entering directory '/home/mvg/BasicRayTracing/extlib/SDL2-Build/CMakeFiles/CMakeTmp'
Building C object CMakeFiles/cmTC_2a232.dir/CheckFunctionExists.c.o
/usr/bin/cc   -g -O3 -idirafter /home/mvg/BasicRayTracing/extlib/SDL2-2.0.12/src/video/khronos -DCHECK_FUNCTION_EXISTS=alloca   -o CMakeFiles/cmTC_2a232.dir/CheckFunctionExists.c.o   -c /usr/share/cmake-3.13/Modules/CheckFunctionExists.c
<command-line>: warning: conflicting types for built-in function ‘alloca’ [-Wbuiltin-declaration-mismatch]
/usr/share/cmake-3.13/Modules/CheckFunctionExists.c:7:3: note: in expansion of macro ‘CHECK_FUNCTION_EXISTS’
   CHECK_FUNCTION_EXISTS(void);
   ^~~~~~~~~~~~~~~~~~~~~
Linking C executable cmTC_2a232
/usr/bin/cmake -E cmake_link_script CMakeFiles/cmTC_2a232.dir/link.txt --verbose=1
/usr/bin/cc -g -O3 -idirafter /home/mvg/BasicRayTracing/extlib/SDL2-2.0.12/src/video/khronos -DCHECK_FUNCTION_EXISTS=alloca    -rdynamic CMakeFiles/cmTC_2a232.dir/CheckFunctionExists.c.o  -o cmTC_2a232 
/usr/bin/ld: CMakeFiles/cmTC_2a232.dir/CheckFunctionExists.c.o: in function `main':
/usr/share/cmake-3.13/Modules/CheckFunctionExists.c:17: undefined reference to `alloca'
collect2: error: ld returned 1 exit status
make[1]: *** [CMakeFiles/cmTC_2a232.dir/build.make:87: cmTC_2a232] Error 1
make[1]: Leaving directory '/home/mvg/BasicRayTracing/extlib/SDL2-Build/CMakeFiles/CMakeTmp'
make: *** [Makefile:121: cmTC_2a232/fast] Error 2


Determining if the function dlopen exists failed with the following output:
Change Dir: /home/mvg/BasicRayTracing/extlib/SDL2-Build/CMakeFiles/CMakeTmp

Run Build Command:"/usr/bin/make" "cmTC_04998/fast"
/usr/bin/make -f CMakeFiles/cmTC_04998.dir/build.make CMakeFiles/cmTC_04998.dir/build
make[1]: Entering directory '/home/mvg/BasicRayTracing/extlib/SDL2-Build/CMakeFiles/CMakeTmp'
Building C object CMakeFiles/cmTC_04998.dir/CheckFunctionExists.c.o
/usr/bin/cc   -g -O3 -idirafter /home/mvg/BasicRayTracing/extlib/SDL2-2.0.12/src/video/khronos -DCHECK_FUNCTION_EXISTS=dlopen   -o CMakeFiles/cmTC_04998.dir/CheckFunctionExists.c.o   -c /usr/share/cmake-3.13/Modules/CheckFunctionExists.c
Linking C executable cmTC_04998
/usr/bin/cmake -E cmake_link_script CMakeFiles/cmTC_04998.dir/link.txt --verbose=1
/usr/bin/cc -g -O3 -idirafter /home/mvg/BasicRayTracing/extlib/SDL2-2.0.12/src/video/khronos -DCHECK_FUNCTION_EXISTS=dlopen    -rdynamic CMakeFiles/cmTC_04998.dir/CheckFunctionExists.c.o  -o cmTC_04998 
/usr/bin/ld: CMakeFiles/cmTC_04998.dir/CheckFunctionExists.c.o: in function `main':
/usr/share/cmake-3.13/Modules/CheckFunctionExists.c:17: undefined reference to `dlopen'
collect2: error: ld returned 1 exit status
make[1]: *** [CMakeFiles/cmTC_04998.dir/build.make:87: cmTC_04998] Error 1
make[1]: Leaving directory '/home/mvg/BasicRayTracing/extlib/SDL2-Build/CMakeFiles/CMakeTmp'
make: *** [Makefile:121: cmTC_04998/fast] Error 2


Determining if the include file alsa/asoundlib.h exists failed with the following output:
Change Dir: /home/mvg/BasicRayTracing/extlib/SDL2-Build/CMakeFiles/CMakeTmp

Run Build Command:"/usr/bin/make" "cmTC_70d8e/fast"
/usr/bin/make -f CMakeFiles/cmTC_70d8e.dir/build.make CMakeFiles/cmTC_70d8e.dir/build
make[1]: Entering directory '/home/mvg/BasicRayTracing/extlib/SDL2-Build/CMakeFiles/CMakeTmp'
Building C object CMakeFiles/cmTC_70d8e.dir/CheckIncludeFile.c.o
/usr/bin/cc   -g -O3 -idirafter /home/mvg/BasicRayTracing/extlib/SDL2-2.0.12/src/video/khronos    -o CMakeFiles/cmTC_70d8e.dir/CheckIncludeFile.c.o   -c /home/mvg/BasicRayTracing/extlib/SDL2-Build/CMakeFiles/CMakeTmp/CheckIncludeFile.c
/home/mvg/BasicRayTracing/extlib/SDL2-Build/CMakeFiles/CMakeTmp/CheckIncludeFile.c:1:10: fatal error: alsa/asoundlib.h: No such file or directory
 #include <alsa/asoundlib.h>
          ^~~~~~~~~~~~~~~~~~
compilation terminated.
make[1]: *** [CMakeFiles/cmTC_70d8e.dir/build.make:66: CMakeFiles/cmTC_70d8e.dir/CheckIncludeFile.c.o] Error 1
make[1]: Leaving directory '/home/mvg/BasicRayTracing/extlib/SDL2-Build/CMakeFiles/CMakeTmp'
make: *** [Makefile:121: cmTC_70d8e/fast] Error 2


Determining if the include file audio/audiolib.h exists failed with the following output:
Change Dir: /home/mvg/BasicRayTracing/extlib/SDL2-Build/CMakeFiles/CMakeTmp

Run Build Command:"/usr/bin/make" "cmTC_e6754/fast"
/usr/bin/make -f CMakeFiles/cmTC_e6754.dir/build.make CMakeFiles/cmTC_e6754.dir/build
make[1]: Entering directory '/home/mvg/BasicRayTracing/extlib/SDL2-Build/CMakeFiles/CMakeTmp'
Building C object CMakeFiles/cmTC_e6754.dir/CheckIncludeFile.c.o
/usr/bin/cc   -g -O3 -idirafter /home/mvg/BasicRayTracing/extlib/SDL2-2.0.12/src/video/khronos    -o CMakeFiles/cmTC_e6754.dir/CheckIncludeFile.c.o   -c /home/mvg/BasicRayTracing/extlib/SDL2-Build/CMakeFiles/CMakeTmp/CheckIncludeFile.c
/home/mvg/BasicRayTracing/extlib/SDL2-Build/CMakeFiles/CMakeTmp/CheckIncludeFile.c:1:10: fatal error: audio/audiolib.h: No such file or directory
 #include <audio/audiolib.h>
          ^~~~~~~~~~~~~~~~~~
compilation terminated.
make[1]: *** [CMakeFiles/cmTC_e6754.dir/build.make:66: CMakeFiles/cmTC_e6754.dir/CheckIncludeFile.c.o] Error 1
make[1]: Leaving directory '/home/mvg/BasicRayTracing/extlib/SDL2-Build/CMakeFiles/CMakeTmp'
make: *** [Makefile:121: cmTC_e6754/fast] Error 2


Determining if the include file sndio.h exists failed with the following output:
Change Dir: /home/mvg/BasicRayTracing/extlib/SDL2-Build/CMakeFiles/CMakeTmp

Run Build Command:"/usr/bin/make" "cmTC_69345/fast"
/usr/bin/make -f CMakeFiles/cmTC_69345.dir/build.make CMakeFiles/cmTC_69345.dir/build
make[1]: Entering directory '/home/mvg/BasicRayTracing/extlib/SDL2-Build/CMakeFiles/CMakeTmp'
Building C object CMakeFiles/cmTC_69345.dir/CheckIncludeFile.c.o
/usr/bin/cc   -g -O3 -idirafter /home/mvg/BasicRayTracing/extlib/SDL2-2.0.12/src/video/khronos    -o CMakeFiles/cmTC_69345.dir/CheckIncludeFile.c.o   -c /home/mvg/BasicRayTracing/extlib/SDL2-Build/CMakeFiles/CMakeTmp/CheckIncludeFile.c
/home/mvg/BasicRayTracing/extlib/SDL2-Build/CMakeFiles/CMakeTmp/CheckIncludeFile.c:1:10: fatal error: sndio.h: No such file or directory
 #include <sndio.h>
          ^~~~~~~~~
compilation terminated.
make[1]: *** [CMakeFiles/cmTC_69345.dir/build.make:66: CMakeFiles/cmTC_69345.dir/CheckIncludeFile.c.o] Error 1
make[1]: Leaving directory '/home/mvg/BasicRayTracing/extlib/SDL2-Build/CMakeFiles/CMakeTmp'
make: *** [Makefile:121: cmTC_69345/fast] Error 2


Determining if the include file samplerate.h exists failed with the following output:
Change Dir: /home/mvg/BasicRayTracing/extlib/SDL2-Build/CMakeFiles/CMakeTmp

Run Build Command:"/usr/bin/make" "cmTC_04a41/fast"
/usr/bin/make -f CMakeFiles/cmTC_04a41.dir/build.make CMakeFiles/cmTC_04a41.dir/build
make[1]: Entering directory '/home/mvg/BasicRayTracing/extlib/SDL2-Build/CMakeFiles/CMakeTmp'
Building C object CMakeFiles/cmTC_04a41.dir/CheckIncludeFile.c.o
/usr/bin/cc   -g -O3 -idirafter /home/mvg/BasicRayTracing/extlib/SDL2-2.0.12/src/video/khronos    -o CMakeFiles/cmTC_04a41.dir/CheckIncludeFile.c.o   -c /home/mvg/BasicRayTracing/extlib/SDL2-Build/CMakeFiles/CMakeTmp/CheckIncludeFile.c
/home/mvg/BasicRayTracing/extlib/SDL2-Build/CMakeFiles/CMakeTmp/CheckIncludeFile.c:1:10: fatal error: samplerate.h: No such file or directory
 #include <samplerate.h>
          ^~~~~~~~~~~~~~
compilation terminated.
make[1]: *** [CMakeFiles/cmTC_04a41.dir/build.make:66: CMakeFiles/cmTC_04a41.dir/CheckIncludeFile.c.o] Error 1
make[1]: Leaving directory '/home/mvg/BasicRayTracing/extlib/SDL2-Build/CMakeFiles/CMakeTmp'
make: *** [Makefile:121: cmTC_04a41/fast] Error 2


Performing C SOURCE FILE Test HAVE_VIDEO_RPI failed with the following output:
Change Dir: /home/mvg/BasicRayTracing/extlib/SDL2-Build/CMakeFiles/CMakeTmp

Run Build Command:"/usr/bin/make" "cmTC_67b24/fast"
/usr/bin/make -f CMakeFiles/cmTC_67b24.dir/build.make CMakeFiles/cmTC_67b24.dir/build
make[1]: Entering directory '/home/mvg/BasicRayTracing/extlib/SDL2-Build/CMakeFiles/CMakeTmp'
Building C object CMakeFiles/cmTC_67b24.dir/src.c.o
/usr/bin/cc   -g -O3 -idirafter /home/mvg/BasicRayTracing/extlib/SDL2-2.0.12/src/video/khronos -DHAVE_VIDEO_RPI  -I/opt/vc/include/interface/vmcs_host/linux/ -I/opt/vc/include/interface/vcos/pthreads -I/opt/vc/include  -L/opt/vc/lib   -o CMakeFiles/cmTC_67b24.dir/src.c.o   -c /home/mvg/BasicRayTracing/extlib/SDL2-Build/CMakeFiles/CMakeTmp/src.c
/home/mvg/BasicRayTracing/extlib/SDL2-Build/CMakeFiles/CMakeTmp/src.c:2:18: fatal error: bcm_host.h: No such file or directory
         #include <bcm_host.h>
                  ^~~~~~~~~~~~
compilation terminated.
make[1]: *** [CMakeFiles/cmTC_67b24.dir/build.make:66: CMakeFiles/cmTC_67b24.dir/src.c.o] Error 1
make[1]: Leaving directory '/home/mvg/BasicRayTracing/extlib/SDL2-Build/CMakeFiles/CMakeTmp'
make: *** [Makefile:121: cmTC_67b24/fast] Error 2

Source file was:

        #include <bcm_host.h>
        int main(int argc, char **argv) {}
Determining if the include file X11/Xcursor/Xcursor.h exists failed with the following output:
Change Dir: /home/mvg/BasicRayTracing/extlib/SDL2-Build/CMakeFiles/CMakeTmp

Run Build Command:"/usr/bin/make" "cmTC_4a00b/fast"
/usr/bin/make -f CMakeFiles/cmTC_4a00b.dir/build.make CMakeFiles/cmTC_4a00b.dir/build
make[1]: Entering directory '/home/mvg/BasicRayTracing/extlib/SDL2-Build/CMakeFiles/CMakeTmp'
Building C object CMakeFiles/cmTC_4a00b.dir/CheckIncludeFile.c.o
/usr/bin/cc   -g -O3 -idirafter /home/mvg/BasicRayTracing/extlib/SDL2-2.0.12/src/video/khronos    -o CMakeFiles/cmTC_4a00b.dir/CheckIncludeFile.c.o   -c /home/mvg/BasicRayTracing/extlib/SDL2-Build/CMakeFiles/CMakeTmp/CheckIncludeFile.c
/home/mvg/BasicRayTracing/extlib/SDL2-Build/CMakeFiles/CMakeTmp/CheckIncludeFile.c:1:10: fatal error: X11/Xcursor/Xcursor.h: No such file or directory
 #include <X11/Xcursor/Xcursor.h>
          ^~~~~~~~~~~~~~~~~~~~~~~
compilation terminated.
make[1]: *** [CMakeFiles/cmTC_4a00b.dir/build.make:66: CMakeFiles/cmTC_4a00b.dir/CheckIncludeFile.c.o] Error 1
make[1]: Leaving directory '/home/mvg/BasicRayTracing/extlib/SDL2-Build/CMakeFiles/CMakeTmp'
make: *** [Makefile:121: cmTC_4a00b/fast] Error 2


Determining if the include file X11/extensions/Xinerama.h exists failed with the following output:
Change Dir: /home/mvg/BasicRayTracing/extlib/SDL2-Build/CMakeFiles/CMakeTmp

Run Build Command:"/usr/bin/make" "cmTC_b46b9/fast"
/usr/bin/make -f CMakeFiles/cmTC_b46b9.dir/build.make CMakeFiles/cmTC_b46b9.dir/build
make[1]: Entering directory '/home/mvg/BasicRayTracing/extlib/SDL2-Build/CMakeFiles/CMakeTmp'
Building C object CMakeFiles/cmTC_b46b9.dir/CheckIncludeFile.c.o
/usr/bin/cc   -g -O3 -idirafter /home/mvg/BasicRayTracing/extlib/SDL2-2.0.12/src/video/khronos    -o CMakeFiles/cmTC_b46b9.dir/CheckIncludeFile.c.o   -c /home/mvg/BasicRayTracing/extlib/SDL2-Build/CMakeFiles/CMakeTmp/CheckIncludeFile.c
/home/mvg/BasicRayTracing/extlib/SDL2-Build/CMakeFiles/CMakeTmp/CheckIncludeFile.c:1:10: fatal error: X11/extensions/Xinerama.h: No such file or directory
 #include <X11/extensions/Xinerama.h>
          ^~~~~~~~~~~~~~~~~~~~~~~~~~~
compilation terminated.
make[1]: *** [CMakeFiles/cmTC_b46b9.dir/build.make:66: CMakeFiles/cmTC_b46b9.dir/CheckIncludeFile.c.o] Error 1
make[1]: Leaving directory '/home/mvg/BasicRayTracing/extlib/SDL2-Build/CMakeFiles/CMakeTmp'
make: *** [Makefile:121: cmTC_b46b9/fast] Error 2


Determining if the include file X11/extensions/XInput2.h exists failed with the following output:
Change Dir: /home/mvg/BasicRayTracing/extlib/SDL2-Build/CMakeFiles/CMakeTmp

Run Build Command:"/usr/bin/make" "cmTC_240b0/fast"
/usr/bin/make -f CMakeFiles/cmTC_240b0.dir/build.make CMakeFiles/cmTC_240b0.dir/build
make[1]: Entering directory '/home/mvg/BasicRayTracing/extlib/SDL2-Build/CMakeFiles/CMakeTmp'
Building C object CMakeFiles/cmTC_240b0.dir/CheckIncludeFile.c.o
/usr/bin/cc   -g -O3 -idirafter /home/mvg/BasicRayTracing/extlib/SDL2-2.0.12/src/video/khronos    -o CMakeFiles/cmTC_240b0.dir/CheckIncludeFile.c.o   -c /home/mvg/BasicRayTracing/extlib/SDL2-Build/CMakeFiles/CMakeTmp/CheckIncludeFile.c
/home/mvg/BasicRayTracing/extlib/SDL2-Build/CMakeFiles/CMakeTmp/CheckIncludeFile.c:1:10: fatal error: X11/extensions/XInput2.h: No such file or directory
 #include <X11/extensions/XInput2.h>
          ^~~~~~~~~~~~~~~~~~~~~~~~~~
compilation terminated.
make[1]: *** [CMakeFiles/cmTC_240b0.dir/build.make:66: CMakeFiles/cmTC_240b0.dir/CheckIncludeFile.c.o] Error 1
make[1]: Leaving directory '/home/mvg/BasicRayTracing/extlib/SDL2-Build/CMakeFiles/CMakeTmp'
make: *** [Makefile:121: cmTC_240b0/fast] Error 2


Determining if the include file X11/extensions/Xrandr.h exists failed with the following output:
Change Dir: /home/mvg/BasicRayTracing/extlib/SDL2-Build/CMakeFiles/CMakeTmp

Run Build Command:"/usr/bin/make" "cmTC_32828/fast"
/usr/bin/make -f CMakeFiles/cmTC_32828.dir/build.make CMakeFiles/cmTC_32828.dir/build
make[1]: Entering directory '/home/mvg/BasicRayTracing/extlib/SDL2-Build/CMakeFiles/CMakeTmp'
Building C object CMakeFiles/cmTC_32828.dir/CheckIncludeFile.c.o
/usr/bin/cc   -g -O3 -idirafter /home/mvg/BasicRayTracing/extlib/SDL2-2.0.12/src/video/khronos    -o CMakeFiles/cmTC_32828.dir/CheckIncludeFile.c.o   -c /home/mvg/BasicRayTracing/extlib/SDL2-Build/CMakeFiles/CMakeTmp/CheckIncludeFile.c
/home/mvg/BasicRayTracing/extlib/SDL2-Build/CMakeFiles/CMakeTmp/CheckIncludeFile.c:1:10: fatal error: X11/extensions/Xrandr.h: No such file or directory
 #include <X11/extensions/Xrandr.h>
          ^~~~~~~~~~~~~~~~~~~~~~~~~
compilation terminated.
make[1]: *** [CMakeFiles/cmTC_32828.dir/build.make:66: CMakeFiles/cmTC_32828.dir/CheckIncludeFile.c.o] Error 1
make[1]: Leaving directory '/home/mvg/BasicRayTracing/extlib/SDL2-Build/CMakeFiles/CMakeTmp'
make: *** [Makefile:121: cmTC_32828/fast] Error 2


Determining if the include file X11/extensions/Xrender.h exists failed with the following output:
Change Dir: /home/mvg/BasicRayTracing/extlib/SDL2-Build/CMakeFiles/CMakeTmp

Run Build Command:"/usr/bin/make" "cmTC_05e30/fast"
/usr/bin/make -f CMakeFiles/cmTC_05e30.dir/build.make CMakeFiles/cmTC_05e30.dir/build
make[1]: Entering directory '/home/mvg/BasicRayTracing/extlib/SDL2-Build/CMakeFiles/CMakeTmp'
Building C object CMakeFiles/cmTC_05e30.dir/CheckIncludeFile.c.o
/usr/bin/cc   -g -O3 -idirafter /home/mvg/BasicRayTracing/extlib/SDL2-2.0.12/src/video/khronos    -o CMakeFiles/cmTC_05e30.dir/CheckIncludeFile.c.o   -c /home/mvg/BasicRayTracing/extlib/SDL2-Build/CMakeFiles/CMakeTmp/CheckIncludeFile.c
/home/mvg/BasicRayTracing/extlib/SDL2-Build/CMakeFiles/CMakeTmp/CheckIncludeFile.c:1:10: fatal error: X11/extensions/Xrender.h: No such file or directory
 #include <X11/extensions/Xrender.h>
          ^~~~~~~~~~~~~~~~~~~~~~~~~~
compilation terminated.
make[1]: *** [CMakeFiles/cmTC_05e30.dir/build.make:66: CMakeFiles/cmTC_05e30.dir/CheckIncludeFile.c.o] Error 1
make[1]: Leaving directory '/home/mvg/BasicRayTracing/extlib/SDL2-Build/CMakeFiles/CMakeTmp'
make: *** [Makefile:121: cmTC_05e30/fast] Error 2


Determining if the include file X11/extensions/scrnsaver.h exists failed with the following output:
Change Dir: /home/mvg/BasicRayTracing/extlib/SDL2-Build/CMakeFiles/CMakeTmp

Run Build Command:"/usr/bin/make" "cmTC_d0621/fast"
/usr/bin/make -f CMakeFiles/cmTC_d0621.dir/build.make CMakeFiles/cmTC_d0621.dir/build
make[1]: Entering directory '/home/mvg/BasicRayTracing/extlib/SDL2-Build/CMakeFiles/CMakeTmp'
Building C object CMakeFiles/cmTC_d0621.dir/CheckIncludeFile.c.o
/usr/bin/cc   -g -O3 -idirafter /home/mvg/BasicRayTracing/extlib/SDL2-2.0.12/src/video/khronos    -o CMakeFiles/cmTC_d0621.dir/CheckIncludeFile.c.o   -c /home/mvg/BasicRayTracing/extlib/SDL2-Build/CMakeFiles/CMakeTmp/CheckIncludeFile.c
/home/mvg/BasicRayTracing/extlib/SDL2-Build/CMakeFiles/CMakeTmp/CheckIncludeFile.c:1:10: fatal error: X11/extensions/scrnsaver.h: No such file or directory
 #include <X11/extensions/scrnsaver.h>
          ^~~~~~~~~~~~~~~~~~~~~~~~~~~~
compilation terminated.
make[1]: *** [CMakeFiles/cmTC_d0621.dir/build.make:66: CMakeFiles/cmTC_d0621.dir/CheckIncludeFile.c.o] Error 1
make[1]: Leaving directory '/home/mvg/BasicRayTracing/extlib/SDL2-Build/CMakeFiles/CMakeTmp'
make: *** [Makefile:121: cmTC_d0621/fast] Error 2


Determining if the include file X11/extensions/shape.h exists failed with the following output:
Change Dir: /home/mvg/BasicRayTracing/extlib/SDL2-Build/CMakeFiles/CMakeTmp

Run Build Command:"/usr/bin/make" "cmTC_f6f1b/fast"
/usr/bin/make -f CMakeFiles/cmTC_f6f1b.dir/build.make CMakeFiles/cmTC_f6f1b.dir/build
make[1]: Entering directory '/home/mvg/BasicRayTracing/extlib/SDL2-Build/CMakeFiles/CMakeTmp'
Building C object CMakeFiles/cmTC_f6f1b.dir/CheckIncludeFile.c.o
/usr/bin/cc   -g -O3 -idirafter /home/mvg/BasicRayTracing/extlib/SDL2-2.0.12/src/video/khronos    -o CMakeFiles/cmTC_f6f1b.dir/CheckIncludeFile.c.o   -c /home/mvg/BasicRayTracing/extlib/SDL2-Build/CMakeFiles/CMakeTmp/CheckIncludeFile.c
/home/mvg/BasicRayTracing/extlib/SDL2-Build/CMakeFiles/CMakeTmp/CheckIncludeFile.c:1:10: fatal error: X11/extensions/shape.h: No such file or directory
 #include <X11/extensions/shape.h>
          ^~~~~~~~~~~~~~~~~~~~~~~~
compilation terminated.
make[1]: *** [CMakeFiles/cmTC_f6f1b.dir/build.make:66: CMakeFiles/cmTC_f6f1b.dir/CheckIncludeFile.c.o] Error 1
make[1]: Leaving directory '/home/mvg/BasicRayTracing/extlib/SDL2-Build/CMakeFiles/CMakeTmp'
make: *** [Makefile:121: cmTC_f6f1b/fast] Error 2


Determining if files X11/Xlib.h;X11/extensions/xf86vmode.h exist failed with the following output:
Change Dir: /home/mvg/BasicRayTracing/extlib/SDL2-Build/CMakeFiles/CMakeTmp

Run Build Command:"/usr/bin/make" "cmTC_8c12e/fast"
/usr/bin/make -f CMakeFiles/cmTC_8c12e.dir/build.make CMakeFiles/cmTC_8c12e.dir/build
make[1]: Entering directory '/home/mvg/BasicRayTracing/extlib/SDL2-Build/CMakeFiles/CMakeTmp'
Building C object CMakeFiles/cmTC_8c12e.dir/HAVE_XF86VM_H.c.o
/usr/bin/cc   -g -O3 -idirafter /home/mvg/BasicRayTracing/extlib/SDL2-2.0.12/src/video/khronos    -o CMakeFiles/cmTC_8c12e.dir/HAVE_XF86VM_H.c.o   -c /home/mvg/BasicRayTracing/extlib/SDL2-Build/CMakeFiles/CheckIncludeFiles/HAVE_XF86VM_H.c
/home/mvg/BasicRayTracing/extlib/SDL2-Build/CMakeFiles/CheckIncludeFiles/HAVE_XF86VM_H.c:2:10: fatal error: X11/Xlib.h: No such file or directory
 #include <X11/Xlib.h>
          ^~~~~~~~~~~~
compilation terminated.
make[1]: *** [CMakeFiles/cmTC_8c12e.dir/build.make:66: CMakeFiles/cmTC_8c12e.dir/HAVE_XF86VM_H.c.o] Error 1
make[1]: Leaving directory '/home/mvg/BasicRayTracing/extlib/SDL2-Build/CMakeFiles/CMakeTmp'
make: *** [Makefile:121: cmTC_8c12e/fast] Error 2

Source:
/* */
#include <X11/Xlib.h>
#include <X11/extensions/xf86vmode.h>


int main(void){return 0;}

Determining if files X11/Xlib.h;X11/Xproto.h;X11/extensions/Xext.h exist failed with the following output:
Change Dir: /home/mvg/BasicRayTracing/extlib/SDL2-Build/CMakeFiles/CMakeTmp

Run Build Command:"/usr/bin/make" "cmTC_05d64/fast"
/usr/bin/make -f CMakeFiles/cmTC_05d64.dir/build.make CMakeFiles/cmTC_05d64.dir/build
make[1]: Entering directory '/home/mvg/BasicRayTracing/extlib/SDL2-Build/CMakeFiles/CMakeTmp'
Building C object CMakeFiles/cmTC_05d64.dir/HAVE_XEXT_H.c.o
/usr/bin/cc   -g -O3 -idirafter /home/mvg/BasicRayTracing/extlib/SDL2-2.0.12/src/video/khronos    -o CMakeFiles/cmTC_05d64.dir/HAVE_XEXT_H.c.o   -c /home/mvg/BasicRayTracing/extlib/SDL2-Build/CMakeFiles/CheckIncludeFiles/HAVE_XEXT_H.c
/home/mvg/BasicRayTracing/extlib/SDL2-Build/CMakeFiles/CheckIncludeFiles/HAVE_XEXT_H.c:2:10: fatal error: X11/Xlib.h: No such file or directory
 #include <X11/Xlib.h>
          ^~~~~~~~~~~~
compilation terminated.
make[1]: *** [CMakeFiles/cmTC_05d64.dir/build.make:66: CMakeFiles/cmTC_05d64.dir/HAVE_XEXT_H.c.o] Error 1
make[1]: Leaving directory '/home/mvg/BasicRayTracing/extlib/SDL2-Build/CMakeFiles/CMakeTmp'
make: *** [Makefile:121: cmTC_05d64/fast] Error 2

Source:
/* */
#include <X11/Xlib.h>
#include <X11/Xproto.h>
#include <X11/extensions/Xext.h>


int main(void){return 0;}

Performing C SOURCE FILE Test HAVE_VIDEO_OPENGL failed with the following output:
Change Dir: /home/mvg/BasicRayTracing/extlib/SDL2-Build/CMakeFiles/CMakeTmp

Run Build Command:"/usr/bin/make" "cmTC_4547e/fast"
/usr/bin/make -f CMakeFiles/cmTC_4547e.dir/build.make CMakeFiles/cmTC_4547e.dir/build
make[1]: Entering directory '/home/mvg/BasicRayTracing/extlib/SDL2-Build/CMakeFiles/CMakeTmp'
Building C object CMakeFiles/cmTC_4547e.dir/src.c.o
/usr/bin/cc   -g -O3 -idirafter /home/mvg/BasicRayTracing/extlib/SDL2-2.0.12/src/video/khronos -DHAVE_VIDEO_OPENGL   -o CMakeFiles/cmTC_4547e.dir/src.c.o   -c /home/mvg/BasicRayTracing/extlib/SDL2-Build/CMakeFiles/CMakeTmp/src.c
/home/mvg/BasicRayTracing/extlib/SDL2-Build/CMakeFiles/CMakeTmp/src.c:2:18: fatal error: GL/gl.h: No such file or directory
         #include <GL/gl.h>
                  ^~~~~~~~~
compilation terminated.
make[1]: *** [CMakeFiles/cmTC_4547e.dir/build.make:66: CMakeFiles/cmTC_4547e.dir/src.c.o] Error 1
make[1]: Leaving directory '/home/mvg/BasicRayTracing/extlib/SDL2-Build/CMakeFiles/CMakeTmp'
make: *** [Makefile:121: cmTC_4547e/fast] Error 2

Source file was:

        #include <GL/gl.h>
        #include <GL/glx.h>
        int main(int argc, char** argv) {}
Performing C SOURCE FILE Test HAVE_VIDEO_OPENGL_EGL failed with the following output:
Change Dir: /home/mvg/BasicRayTracing/extlib/SDL2-Build/CMakeFiles/CMakeTmp

Run Build Command:"/usr/bin/make" "cmTC_abada/fast"
/usr/bin/make -f CMakeFiles/cmTC_abada.dir/build.make CMakeFiles/cmTC_abada.dir/build
make[1]: Entering directory '/home/mvg/BasicRayTracing/extlib/SDL2-Build/CMakeFiles/CMakeTmp'
Building C object CMakeFiles/cmTC_abada.dir/src.c.o
/usr/bin/cc   -g -O3 -idirafter /home/mvg/BasicRayTracing/extlib/SDL2-2.0.12/src/video/khronos -DHAVE_VIDEO_OPENGL_EGL   -o CMakeFiles/cmTC_abada.dir/src.c.o   -c /home/mvg/BasicRayTracing/extlib/SDL2-Build/CMakeFiles/CMakeTmp/src.c
In file included from /home/mvg/BasicRayTracing/extlib/SDL2-2.0.12/src/video/khronos/EGL/egl.h:39,
                 from /home/mvg/BasicRayTracing/extlib/SDL2-Build/CMakeFiles/CMakeTmp/src.c:3:
/home/mvg/BasicRayTracing/extlib/SDL2-2.0.12/src/video/khronos/EGL/eglplatform.h:98:10: fatal error: X11/Xlib.h: No such file or directory
 #include <X11/Xlib.h>
          ^~~~~~~~~~~~
compilation terminated.
make[1]: *** [CMakeFiles/cmTC_abada.dir/build.make:66: CMakeFiles/cmTC_abada.dir/src.c.o] Error 1
make[1]: Leaving directory '/home/mvg/BasicRayTracing/extlib/SDL2-Build/CMakeFiles/CMakeTmp'
make: *** [Makefile:121: cmTC_abada/fast] Error 2

Source file was:

        #define EGL_API_FB
        #include <EGL/egl.h>
        int main (int argc, char** argv) {}
Performing C SOURCE FILE Test HAVE_VIDEO_OPENGLES_V1 failed with the following output:
Change Dir: /home/mvg/BasicRayTracing/extlib/SDL2-Build/CMakeFiles/CMakeTmp

Run Build Command:"/usr/bin/make" "cmTC_b6eb9/fast"
/usr/bin/make -f CMakeFiles/cmTC_b6eb9.dir/build.make CMakeFiles/cmTC_b6eb9.dir/build
make[1]: Entering directory '/home/mvg/BasicRayTracing/extlib/SDL2-Build/CMakeFiles/CMakeTmp'
Building C object CMakeFiles/cmTC_b6eb9.dir/src.c.o
/usr/bin/cc   -g -O3 -idirafter /home/mvg/BasicRayTracing/extlib/SDL2-2.0.12/src/video/khronos -DHAVE_VIDEO_OPENGLES_V1   -o CMakeFiles/cmTC_b6eb9.dir/src.c.o   -c /home/mvg/BasicRayTracing/extlib/SDL2-Build/CMakeFiles/CMakeTmp/src.c
/home/mvg/BasicRayTracing/extlib/SDL2-Build/CMakeFiles/CMakeTmp/src.c:2:16: fatal error: GLES/gl.h: No such file or directory
       #include <GLES/gl.h>
                ^~~~~~~~~~~
compilation terminated.
make[1]: *** [CMakeFiles/cmTC_b6eb9.dir/build.make:66: CMakeFiles/cmTC_b6eb9.dir/src.c.o] Error 1
make[1]: Leaving directory '/home/mvg/BasicRayTracing/extlib/SDL2-Build/CMakeFiles/CMakeTmp'
make: *** [Makefile:121: cmTC_b6eb9/fast] Error 2

Source file was:

      #include <GLES/gl.h>
      #include <GLES/glext.h>
      int main (int argc, char** argv) {}
Performing C SOURCE FILE Test HAVE_VIDEO_VIVANTE_VDK failed with the following output:
Change Dir: /home/mvg/BasicRayTracing/extlib/SDL2-Build/CMakeFiles/CMakeTmp

Run Build Command:"/usr/bin/make" "cmTC_05415/fast"
/usr/bin/make -f CMakeFiles/cmTC_05415.dir/build.make CMakeFiles/cmTC_05415.dir/build
make[1]: Entering directory '/home/mvg/BasicRayTracing/extlib/SDL2-Build/CMakeFiles/CMakeTmp'
Building C object CMakeFiles/cmTC_05415.dir/src.c.o
/usr/bin/cc   -g -O3 -idirafter /home/mvg/BasicRayTracing/extlib/SDL2-2.0.12/src/video/khronos -DHAVE_VIDEO_VIVANTE_VDK   -o CMakeFiles/cmTC_05415.dir/src.c.o   -c /home/mvg/BasicRayTracing/extlib/SDL2-Build/CMakeFiles/CMakeTmp/src.c
/home/mvg/BasicRayTracing/extlib/SDL2-Build/CMakeFiles/CMakeTmp/src.c:2:18: fatal error: gc_vdk.h: No such file or directory
         #include <gc_vdk.h>
                  ^~~~~~~~~~
compilation terminated.
make[1]: *** [CMakeFiles/cmTC_05415.dir/build.make:66: CMakeFiles/cmTC_05415.dir/src.c.o] Error 1
make[1]: Leaving directory '/home/mvg/BasicRayTracing/extlib/SDL2-Build/CMakeFiles/CMakeTmp'
make: *** [Makefile:121: cmTC_05415/fast] Error 2

Source file was:

        #include <gc_vdk.h>
        int main(int argc, char** argv) {}
Performing C SOURCE FILE Test HAVE_VIDEO_VIVANTE_EGL_FB failed with the following output:
Change Dir: /home/mvg/BasicRayTracing/extlib/SDL2-Build/CMakeFiles/CMakeTmp

Run Build Command:"/usr/bin/make" "cmTC_d6d22/fast"
/usr/bin/make -f CMakeFiles/cmTC_d6d22.dir/build.make CMakeFiles/cmTC_d6d22.dir/build
make[1]: Entering directory '/home/mvg/BasicRayTracing/extlib/SDL2-Build/CMakeFiles/CMakeTmp'
Building C object CMakeFiles/cmTC_d6d22.dir/src.c.o
/usr/bin/cc   -g -O3 -idirafter /home/mvg/BasicRayTracing/extlib/SDL2-2.0.12/src/video/khronos -DHAVE_VIDEO_VIVANTE_EGL_FB   -o CMakeFiles/cmTC_d6d22.dir/src.c.o   -c /home/mvg/BasicRayTracing/extlib/SDL2-Build/CMakeFiles/CMakeTmp/src.c
/home/mvg/BasicRayTracing/extlib/SDL2-Build/CMakeFiles/CMakeTmp/src.c:4:18: fatal error: EGL/eglvivante.h: No such file or directory
         #include <EGL/eglvivante.h>
                  ^~~~~~~~~~~~~~~~~~
compilation terminated.
make[1]: *** [CMakeFiles/cmTC_d6d22.dir/build.make:66: CMakeFiles/cmTC_d6d22.dir/src.c.o] Error 1
make[1]: Leaving directory '/home/mvg/BasicRayTracing/extlib/SDL2-Build/CMakeFiles/CMakeTmp'
make: *** [Makefile:121: cmTC_d6d22/fast] Error 2

Source file was:

        #define LINUX
        #define EGL_API_FB
        #include <EGL/eglvivante.h>
        int main(int argc, char** argv) {}
Determining if the include file libudev.h exists failed with the following output:
Change Dir: /home/mvg/BasicRayTracing/extlib/SDL2-Build/CMakeFiles/CMakeTmp

Run Build Command:"/usr/bin/make" "cmTC_8db60/fast"
/usr/bin/make -f CMakeFiles/cmTC_8db60.dir/build.make CMakeFiles/cmTC_8db60.dir/build
make[1]: Entering directory '/home/mvg/BasicRayTracing/extlib/SDL2-Build/CMakeFiles/CMakeTmp'
Building C object CMakeFiles/cmTC_8db60.dir/CheckIncludeFile.c.o
/usr/bin/cc   -g -O3 -idirafter /home/mvg/BasicRayTracing/extlib/SDL2-2.0.12/src/video/khronos     -o CMakeFiles/cmTC_8db60.dir/CheckIncludeFile.c.o   -c /home/mvg/BasicRayTracing/extlib/SDL2-Build/CMakeFiles/CMakeTmp/CheckIncludeFile.c
/home/mvg/BasicRayTracing/extlib/SDL2-Build/CMakeFiles/CMakeTmp/CheckIncludeFile.c:1:10: fatal error: libudev.h: No such file or directory
 #include <libudev.h>
          ^~~~~~~~~~~
compilation terminated.
make[1]: *** [CMakeFiles/cmTC_8db60.dir/build.make:66: CMakeFiles/cmTC_8db60.dir/CheckIncludeFile.c.o] Error 1
make[1]: Leaving directory '/home/mvg/BasicRayTracing/extlib/SDL2-Build/CMakeFiles/CMakeTmp'
make: *** [Makefile:121: cmTC_8db60/fast] Error 2


Determining if the include file fcitx/frontend.h exists failed with the following output:
Change Dir: /home/mvg/BasicRayTracing/extlib/SDL2-Build/CMakeFiles/CMakeTmp

Run Build Command:"/usr/bin/make" "cmTC_48f8f/fast"
/usr/bin/make -f CMakeFiles/cmTC_48f8f.dir/build.make CMakeFiles/cmTC_48f8f.dir/build
make[1]: Entering directory '/home/mvg/BasicRayTracing/extlib/SDL2-Build/CMakeFiles/CMakeTmp'
Building C object CMakeFiles/cmTC_48f8f.dir/CheckIncludeFile.c.o
/usr/bin/cc   -g -O3 -idirafter /home/mvg/BasicRayTracing/extlib/SDL2-2.0.12/src/video/khronos     -o CMakeFiles/cmTC_48f8f.dir/CheckIncludeFile.c.o   -c /home/mvg/BasicRayTracing/extlib/SDL2-Build/CMakeFiles/CMakeTmp/CheckIncludeFile.c
/home/mvg/BasicRayTracing/extlib/SDL2-Build/CMakeFiles/CMakeTmp/CheckIncludeFile.c:1:10: fatal error: fcitx/frontend.h: No such file or directory
 #include <fcitx/frontend.h>
          ^~~~~~~~~~~~~~~~~~
compilation terminated.
make[1]: *** [CMakeFiles/cmTC_48f8f.dir/build.make:66: CMakeFiles/cmTC_48f8f.dir/CheckIncludeFile.c.o] Error 1
make[1]: Leaving directory '/home/mvg/BasicRayTracing/extlib/SDL2-Build/CMakeFiles/CMakeTmp'
make: *** [Makefile:121: cmTC_48f8f/fast] Error 2


Performing C SOURCE FILE Test HAVE_INPUT_TSLIB failed with the following output:
Change Dir: /home/mvg/BasicRayTracing/extlib/SDL2-Build/CMakeFiles/CMakeTmp

Run Build Command:"/usr/bin/make" "cmTC_e4890/fast"
/usr/bin/make -f CMakeFiles/cmTC_e4890.dir/build.make CMakeFiles/cmTC_e4890.dir/build
make[1]: Entering directory '/home/mvg/BasicRayTracing/extlib/SDL2-Build/CMakeFiles/CMakeTmp'
Building C object CMakeFiles/cmTC_e4890.dir/src.c.o
/usr/bin/cc   -g -O3 -idirafter /home/mvg/BasicRayTracing/extlib/SDL2-2.0.12/src/video/khronos -DHAVE_INPUT_TSLIB   -o CMakeFiles/cmTC_e4890.dir/src.c.o   -c /home/mvg/BasicRayTracing/extlib/SDL2-Build/CMakeFiles/CMakeTmp/src.c
/home/mvg/BasicRayTracing/extlib/SDL2-Build/CMakeFiles/CMakeTmp/src.c:2:18: fatal error: tslib.h: No such file or directory
         #include "tslib.h"
                  ^~~~~~~~~
compilation terminated.
make[1]: *** [CMakeFiles/cmTC_e4890.dir/build.make:66: CMakeFiles/cmTC_e4890.dir/src.c.o] Error 1
make[1]: Leaving directory '/home/mvg/BasicRayTracing/extlib/SDL2-Build/CMakeFiles/CMakeTmp'
make: *** [Makefile:121: cmTC_e4890/fast] Error 2

Source file was:

        #include "tslib.h"
        int main(int argc, char** argv) { }
Performing C SOURCE FILE Test HAVE_PTHREAD_NP_H failed with the following output:
Change Dir: /home/mvg/BasicRayTracing/extlib/SDL2-Build/CMakeFiles/CMakeTmp

Run Build Command:"/usr/bin/make" "cmTC_cf146/fast"
/usr/bin/make -f CMakeFiles/cmTC_cf146.dir/build.make CMakeFiles/cmTC_cf146.dir/build
make[1]: Entering directory '/home/mvg/BasicRayTracing/extlib/SDL2-Build/CMakeFiles/CMakeTmp'
Building C object CMakeFiles/cmTC_cf146.dir/src.c.o
/usr/bin/cc   -g -O3 -idirafter /home/mvg/BasicRayTracing/extlib/SDL2-2.0.12/src/video/khronos -DHAVE_PTHREAD_NP_H   -D_REENTRANT -pthread   -o CMakeFiles/cmTC_cf146.dir/src.c.o   -c /home/mvg/BasicRayTracing/extlib/SDL2-Build/CMakeFiles/CMakeTmp/src.c
/home/mvg/BasicRayTracing/extlib/SDL2-Build/CMakeFiles/CMakeTmp/src.c:3:20: fatal error: pthread_np.h: No such file or directory
           #include <pthread_np.h>
                    ^~~~~~~~~~~~~~
compilation terminated.
make[1]: *** [CMakeFiles/cmTC_cf146.dir/build.make:66: CMakeFiles/cmTC_cf146.dir/src.c.o] Error 1
make[1]: Leaving directory '/home/mvg/BasicRayTracing/extlib/SDL2-Build/CMakeFiles/CMakeTmp'
make: *** [Makefile:121: cmTC_cf146/fast] Error 2

Source file was:

          #include <pthread.h>
          #include <pthread_np.h>
          int main(int argc, char** argv) { return 0; }
Determining if the function pthread_set_name_np exists failed with the following output:
Change Dir: /home/mvg/BasicRayTracing/extlib/SDL2-Build/CMakeFiles/CMakeTmp

Run Build Command:"/usr/bin/make" "cmTC_89e55/fast"
/usr/bin/make -f CMakeFiles/cmTC_89e55.dir/build.make CMakeFiles/cmTC_89e55.dir/build
make[1]: Entering directory '/home/mvg/BasicRayTracing/extlib/SDL2-Build/CMakeFiles/CMakeTmp'
Building C object CMakeFiles/cmTC_89e55.dir/CheckFunctionExists.c.o
/usr/bin/cc   -g -O3 -idirafter /home/mvg/BasicRayTracing/extlib/SDL2-2.0.12/src/video/khronos -DCHECK_FUNCTION_EXISTS=pthread_set_name_np   -D_REENTRANT -pthread   -o CMakeFiles/cmTC_89e55.dir/CheckFunctionExists.c.o   -c /usr/share/cmake-3.13/Modules/CheckFunctionExists.c
Linking C executable cmTC_89e55
/usr/bin/cmake -E cmake_link_script CMakeFiles/cmTC_89e55.dir/link.txt --verbose=1
/usr/bin/cc -g -O3 -idirafter /home/mvg/BasicRayTracing/extlib/SDL2-2.0.12/src/video/khronos -DCHECK_FUNCTION_EXISTS=pthread_set_name_np   -D_REENTRANT -pthread    -rdynamic CMakeFiles/cmTC_89e55.dir/CheckFunctionExists.c.o  -o cmTC_89e55 
/usr/bin/ld: CMakeFiles/cmTC_89e55.dir/CheckFunctionExists.c.o: in function `main':
/usr/share/cmake-3.13/Modules/CheckFunctionExists.c:17: undefined reference to `pthread_set_name_np'
collect2: error: ld returned 1 exit status
make[1]: *** [CMakeFiles/cmTC_89e55.dir/build.make:87: cmTC_89e55] Error 1
make[1]: Leaving directory '/home/mvg/BasicRayTracing/extlib/SDL2-Build/CMakeFiles/CMakeTmp'
make: *** [Makefile:121: cmTC_89e55/fast] Error 2


